[debug] [2020-02-03T20:43:05.091Z] ----------------------------------------------------------------------
[debug] [2020-02-03T20:43:05.092Z] Command:       C:\Program Files\nodejs\node.exe C:\Users\Chaz\AppData\Roaming\npm\node_modules\firebase-tools\lib\bin\firebase.js init
[debug] [2020-02-03T20:43:05.092Z] CLI Version:   7.12.1
[debug] [2020-02-03T20:43:05.092Z] Platform:      win32
[debug] [2020-02-03T20:43:05.092Z] Node Version:  v12.13.0
[debug] [2020-02-03T20:43:05.093Z] Time:          Mon Feb 03 2020 12:43:05 GMT-0800 (Pacific Standard Time)
[debug] [2020-02-03T20:43:05.093Z] ----------------------------------------------------------------------
[debug] [2020-02-03T20:43:05.093Z] 
[debug] [2020-02-03T20:43:05.098Z] > command requires scopes: ["email","openid","https://www.googleapis.com/auth/cloudplatformprojects.readonly","https://www.googleapis.com/auth/firebase","https://www.googleapis.com/auth/cloud-platform"]
[debug] [2020-02-03T20:43:05.098Z] > authorizing via signed-in user
[info] 
     ######## #### ########  ######## ########     ###     ######  ########
     ##        ##  ##     ## ##       ##     ##  ##   ##  ##       ##
     ######    ##  ########  ######   ########  #########  ######  ######
     ##        ##  ##    ##  ##       ##     ## ##     ##       ## ##
     ##       #### ##     ## ######## ########  ##     ##  ######  ########

You're about to initialize a Firebase project in this directory:

  C:\Users\Chaz\Desktop\pick-up-sportz

Before we get started, keep in mind:

  * You are initializing in an existing Firebase project directory

[info] 
=== Project Setup
[info] 
[info] First, let's associate this project directory with a Firebase project.
[info] You can create multiple project aliases by running firebase use --add, 
[info] but for now we'll just set up a default project.
[info] 
[info] i  .firebaserc already has a default project, using pick-up-sportz-89c6e.
[debug] [2020-02-03T20:43:11.908Z] >>> HTTP REQUEST GET https://firebase.googleapis.com/v1beta1/projects/pick-up-sportz-89c6e  
 
[debug] [2020-02-03T20:43:12.112Z] <<< HTTP RESPONSE 200
[info] 
=== Firestore Setup
[debug] [2020-02-03T20:43:12.114Z] > command requires scopes: ["email","openid","https://www.googleapis.com/auth/cloudplatformprojects.readonly","https://www.googleapis.com/auth/firebase","https://www.googleapis.com/auth/cloud-platform"]
[debug] [2020-02-03T20:43:12.114Z] > authorizing via signed-in user
[debug] [2020-02-03T20:43:12.114Z] [iam] checking project pick-up-sportz-89c6e for permissions ["firebase.projects.get"]
[debug] [2020-02-03T20:43:12.114Z] >>> HTTP REQUEST POST https://cloudresourcemanager.googleapis.com/v1/projects/pick-up-sportz-89c6e:testIamPermissions  

[debug] [2020-02-03T20:43:12.245Z] <<< HTTP RESPONSE 200
[info] 
[info] Firestore Security Rules allow you to define how and when to allow
[info] requests. You can keep these rules in your project directory
[info] and publish them with firebase deploy.
[info] 
